[ 2026-01-03 12:16:55,516 ] 37 root - INFO - Start data Ingestion
[ 2026-01-03 12:16:59,153 ] 68 root - INFO - Peformed train test split on the dataframe
[ 2026-01-03 12:16:59,154 ] 69 root - INFO - Exited split_data_as_train_test method of Data_Igestion class
[ 2026-01-03 12:16:59,155 ] 74 root - INFO - Exporting train and test file path.
[ 2026-01-03 12:16:59,274 ] 78 root - INFO - Exported train and test file path.
[ 2026-01-03 12:16:59,275 ] 40 root - INFO - Data Ingestion Completed and artifact : DataIngestionArtifact(trained_file_path='Artifacts\\01_03_2026_12_16_51\\data_ingestion\\ingested\\train.csv', test_file_path='Artifacts\\01_03_2026_12_16_51\\data_ingestion\\ingested\\train.csv')
[ 2026-01-03 12:16:59,285 ] 51 root - INFO - Initiate the data Validation
[ 2026-01-03 12:16:59,345 ] 43 root - INFO - Required number of columns:2
[ 2026-01-03 12:16:59,345 ] 45 root - INFO - Data frame has columns:31
[ 2026-01-03 12:16:59,345 ] 43 root - INFO - Required number of columns:2
[ 2026-01-03 12:16:59,346 ] 45 root - INFO - Data frame has columns:31
[ 2026-01-03 12:16:59,586 ] 70 root - INFO - Entered initiate_data_transformation method of DataTransformation class
[ 2026-01-03 12:16:59,586 ] 72 root - INFO - Starting data transformation
[ 2026-01-03 12:16:59,630 ] 51 root - INFO - Entered get_data_trnasformer_object method of Trnasformation class
[ 2026-01-03 12:16:59,630 ] 57 root - INFO - Initialise KNNImputer with {'missing_values': nan, 'n_neighbors': 3, 'weights': 'uniform'}
[ 2026-01-03 12:16:59,651 ] 50 root - INFO - Entered the save_object method of MainUtils class
[ 2026-01-03 12:16:59,654 ] 54 root - INFO - Exited the save_object method of MainUtils class
[ 2026-01-03 12:16:59,654 ] 50 root - INFO - Entered the save_object method of MainUtils class
[ 2026-01-03 12:16:59,659 ] 54 root - INFO - Exited the save_object method of MainUtils class
[ 2026-01-03 12:23:12,642 ] 50 root - INFO - Entered the save_object method of MainUtils class
[ 2026-01-03 12:23:12,643 ] 54 root - INFO - Exited the save_object method of MainUtils class
[ 2026-01-03 12:23:12,643 ] 50 root - INFO - Entered the save_object method of MainUtils class
[ 2026-01-03 12:23:12,699 ] 54 root - INFO - Exited the save_object method of MainUtils class
[ 2026-01-03 12:23:12,699 ] 141 root - INFO - Model trainer artifact: ModelTrainerArtifact(trained_model_file_path='Artifacts\\01_03_2026_12_16_51\\model_trainer\\trained_model\\model.pkl', train_metric_artifact=ClassificationMetricArtifact(f1_score=0.9919142914897918, precision_score=0.9909127625201939, recall_score=0.9929178470254958), test_metric_artifact=ClassificationMetricArtifact(f1_score=0.9919142914897918, precision_score=0.9909127625201939, recall_score=0.9929178470254958))
